<?xml version="1.0" encoding="UTF-8"?>
<testsuite xmlns:xsi="http://www.w3.org/2001/XMLSchema-instance" xsi:noNamespaceSchemaLocation="https://maven.apache.org/surefire/maven-surefire-plugin/xsd/surefire-test-report.xsd" name="com.criscar.ci_selenium_maven_jenkins.AppTest" time="6.608" tests="1" errors="0" skipped="0" failures="0">
  <properties>
    <property name="sun.desktop" value="windows"/>
    <property name="awt.toolkit" value="sun.awt.windows.WToolkit"/>
    <property name="file.encoding.pkg" value="sun.io"/>
    <property name="java.specification.version" value="1.8"/>
    <property name="sun.cpu.isalist" value="amd64"/>
    <property name="sun.jnu.encoding" value="Cp1252"/>
    <property name="java.class.path" value="H:\Normade\myProject\JavaSeleniumProjects\eclipsewrkspace2020-06Java\ci-selenium-maven-jenkins\target\test-classes;H:\Normade\myProject\JavaSeleniumProjects\eclipsewrkspace2020-06Java\ci-selenium-maven-jenkins\target\classes;D:\myProject\mavenrepos\repository\junit\junit\4.11\junit-4.11.jar;D:\myProject\mavenrepos\repository\org\hamcrest\hamcrest-core\1.3\hamcrest-core-1.3.jar;D:\myProject\mavenrepos\repository\org\seleniumhq\selenium\selenium-java\3.141.59\selenium-java-3.141.59.jar;D:\myProject\mavenrepos\repository\org\seleniumhq\selenium\selenium-api\3.141.59\selenium-api-3.141.59.jar;D:\myProject\mavenrepos\repository\org\seleniumhq\selenium\selenium-chrome-driver\3.141.59\selenium-chrome-driver-3.141.59.jar;D:\myProject\mavenrepos\repository\org\seleniumhq\selenium\selenium-edge-driver\3.141.59\selenium-edge-driver-3.141.59.jar;D:\myProject\mavenrepos\repository\org\seleniumhq\selenium\selenium-firefox-driver\3.141.59\selenium-firefox-driver-3.141.59.jar;D:\myProject\mavenrepos\repository\org\seleniumhq\selenium\selenium-ie-driver\3.141.59\selenium-ie-driver-3.141.59.jar;D:\myProject\mavenrepos\repository\org\seleniumhq\selenium\selenium-opera-driver\3.141.59\selenium-opera-driver-3.141.59.jar;D:\myProject\mavenrepos\repository\org\seleniumhq\selenium\selenium-remote-driver\3.141.59\selenium-remote-driver-3.141.59.jar;D:\myProject\mavenrepos\repository\org\seleniumhq\selenium\selenium-safari-driver\3.141.59\selenium-safari-driver-3.141.59.jar;D:\myProject\mavenrepos\repository\org\seleniumhq\selenium\selenium-support\3.141.59\selenium-support-3.141.59.jar;D:\myProject\mavenrepos\repository\net\bytebuddy\byte-buddy\1.8.15\byte-buddy-1.8.15.jar;D:\myProject\mavenrepos\repository\org\apache\commons\commons-exec\1.3\commons-exec-1.3.jar;D:\myProject\mavenrepos\repository\com\google\guava\guava\25.0-jre\guava-25.0-jre.jar;D:\myProject\mavenrepos\repository\com\google\code\findbugs\jsr305\1.3.9\jsr305-1.3.9.jar;D:\myProject\mavenrepos\repository\org\checkerframework\checker-compat-qual\2.0.0\checker-compat-qual-2.0.0.jar;D:\myProject\mavenrepos\repository\com\google\errorprone\error_prone_annotations\2.1.3\error_prone_annotations-2.1.3.jar;D:\myProject\mavenrepos\repository\com\google\j2objc\j2objc-annotations\1.1\j2objc-annotations-1.1.jar;D:\myProject\mavenrepos\repository\org\codehaus\mojo\animal-sniffer-annotations\1.14\animal-sniffer-annotations-1.14.jar;D:\myProject\mavenrepos\repository\com\squareup\okhttp3\okhttp\3.11.0\okhttp-3.11.0.jar;D:\myProject\mavenrepos\repository\com\squareup\okio\okio\1.14.0\okio-1.14.0.jar;D:\myProject\mavenrepos\repository\org\testng\testng\7.4.0\testng-7.4.0.jar;D:\myProject\mavenrepos\repository\com\beust\jcommander\1.78\jcommander-1.78.jar;D:\myProject\mavenrepos\repository\org\webjars\jquery\3.5.1\jquery-3.5.1.jar;"/>
    <property name="java.vm.vendor" value="Oracle Corporation"/>
    <property name="sun.arch.data.model" value="64"/>
    <property name="user.variant" value=""/>
    <property name="java.vendor.url" value="http://java.oracle.com/"/>
    <property name="user.timezone" value="Europe/Paris"/>
    <property name="java.vm.specification.version" value="1.8"/>
    <property name="os.name" value="Windows 7"/>
    <property name="user.country" value="FR"/>
    <property name="sun.java.launcher" value="SUN_STANDARD"/>
    <property name="sun.boot.library.path" value="C:\Program Files\Java\jdk1.8.0_172\jre\bin"/>
    <property name="sun.java.command" value="C:\Users\chr\AppData\Local\Temp\surefire7545606518778000642\surefirebooter6815650254921796475.jar C:\Users\chr\AppData\Local\Temp\surefire7545606518778000642 2021-03-20T18-33-43_495-jvmRun1 surefire4539594695731249744tmp surefire_05874117668179391674tmp"/>
    <property name="surefire.test.class.path" value="H:\Normade\myProject\JavaSeleniumProjects\eclipsewrkspace2020-06Java\ci-selenium-maven-jenkins\target\test-classes;H:\Normade\myProject\JavaSeleniumProjects\eclipsewrkspace2020-06Java\ci-selenium-maven-jenkins\target\classes;D:\myProject\mavenrepos\repository\junit\junit\4.11\junit-4.11.jar;D:\myProject\mavenrepos\repository\org\hamcrest\hamcrest-core\1.3\hamcrest-core-1.3.jar;D:\myProject\mavenrepos\repository\org\seleniumhq\selenium\selenium-java\3.141.59\selenium-java-3.141.59.jar;D:\myProject\mavenrepos\repository\org\seleniumhq\selenium\selenium-api\3.141.59\selenium-api-3.141.59.jar;D:\myProject\mavenrepos\repository\org\seleniumhq\selenium\selenium-chrome-driver\3.141.59\selenium-chrome-driver-3.141.59.jar;D:\myProject\mavenrepos\repository\org\seleniumhq\selenium\selenium-edge-driver\3.141.59\selenium-edge-driver-3.141.59.jar;D:\myProject\mavenrepos\repository\org\seleniumhq\selenium\selenium-firefox-driver\3.141.59\selenium-firefox-driver-3.141.59.jar;D:\myProject\mavenrepos\repository\org\seleniumhq\selenium\selenium-ie-driver\3.141.59\selenium-ie-driver-3.141.59.jar;D:\myProject\mavenrepos\repository\org\seleniumhq\selenium\selenium-opera-driver\3.141.59\selenium-opera-driver-3.141.59.jar;D:\myProject\mavenrepos\repository\org\seleniumhq\selenium\selenium-remote-driver\3.141.59\selenium-remote-driver-3.141.59.jar;D:\myProject\mavenrepos\repository\org\seleniumhq\selenium\selenium-safari-driver\3.141.59\selenium-safari-driver-3.141.59.jar;D:\myProject\mavenrepos\repository\org\seleniumhq\selenium\selenium-support\3.141.59\selenium-support-3.141.59.jar;D:\myProject\mavenrepos\repository\net\bytebuddy\byte-buddy\1.8.15\byte-buddy-1.8.15.jar;D:\myProject\mavenrepos\repository\org\apache\commons\commons-exec\1.3\commons-exec-1.3.jar;D:\myProject\mavenrepos\repository\com\google\guava\guava\25.0-jre\guava-25.0-jre.jar;D:\myProject\mavenrepos\repository\com\google\code\findbugs\jsr305\1.3.9\jsr305-1.3.9.jar;D:\myProject\mavenrepos\repository\org\checkerframework\checker-compat-qual\2.0.0\checker-compat-qual-2.0.0.jar;D:\myProject\mavenrepos\repository\com\google\errorprone\error_prone_annotations\2.1.3\error_prone_annotations-2.1.3.jar;D:\myProject\mavenrepos\repository\com\google\j2objc\j2objc-annotations\1.1\j2objc-annotations-1.1.jar;D:\myProject\mavenrepos\repository\org\codehaus\mojo\animal-sniffer-annotations\1.14\animal-sniffer-annotations-1.14.jar;D:\myProject\mavenrepos\repository\com\squareup\okhttp3\okhttp\3.11.0\okhttp-3.11.0.jar;D:\myProject\mavenrepos\repository\com\squareup\okio\okio\1.14.0\okio-1.14.0.jar;D:\myProject\mavenrepos\repository\org\testng\testng\7.4.0\testng-7.4.0.jar;D:\myProject\mavenrepos\repository\com\beust\jcommander\1.78\jcommander-1.78.jar;D:\myProject\mavenrepos\repository\org\webjars\jquery\3.5.1\jquery-3.5.1.jar;"/>
    <property name="sun.cpu.endian" value="little"/>
    <property name="user.home" value="C:\Users\chr"/>
    <property name="user.language" value="fr"/>
    <property name="java.specification.vendor" value="Oracle Corporation"/>
    <property name="java.home" value="C:\Program Files\Java\jdk1.8.0_172\jre"/>
    <property name="basedir" value="H:\Normade\myProject\JavaSeleniumProjects\eclipsewrkspace2020-06Java\ci-selenium-maven-jenkins"/>
    <property name="file.separator" value="\"/>
    <property name="line.separator" value="&#10;"/>
    <property name="java.vm.specification.vendor" value="Oracle Corporation"/>
    <property name="java.specification.name" value="Java Platform API Specification"/>
    <property name="java.awt.graphicsenv" value="sun.awt.Win32GraphicsEnvironment"/>
    <property name="surefire.real.class.path" value="C:\Users\chr\AppData\Local\Temp\surefire7545606518778000642\surefirebooter6815650254921796475.jar"/>
    <property name="sun.boot.class.path" value="C:\Program Files\Java\jdk1.8.0_172\jre\lib\resources.jar;C:\Program Files\Java\jdk1.8.0_172\jre\lib\rt.jar;C:\Program Files\Java\jdk1.8.0_172\jre\lib\sunrsasign.jar;C:\Program Files\Java\jdk1.8.0_172\jre\lib\jsse.jar;C:\Program Files\Java\jdk1.8.0_172\jre\lib\jce.jar;C:\Program Files\Java\jdk1.8.0_172\jre\lib\charsets.jar;C:\Program Files\Java\jdk1.8.0_172\jre\lib\jfr.jar;C:\Program Files\Java\jdk1.8.0_172\jre\classes"/>
    <property name="user.script" value=""/>
    <property name="sun.management.compiler" value="HotSpot 64-Bit Tiered Compilers"/>
    <property name="java.runtime.version" value="1.8.0_172-b11"/>
    <property name="user.name" value="chr"/>
    <property name="path.separator" value=";"/>
    <property name="os.version" value="6.1"/>
    <property name="java.endorsed.dirs" value="C:\Program Files\Java\jdk1.8.0_172\jre\lib\endorsed"/>
    <property name="java.runtime.name" value="Java(TM) SE Runtime Environment"/>
    <property name="file.encoding" value="Cp1252"/>
    <property name="java.vm.name" value="Java HotSpot(TM) 64-Bit Server VM"/>
    <property name="localRepository" value="D:\myProject\mavenrepos\repository"/>
    <property name="java.vendor.url.bug" value="http://bugreport.sun.com/bugreport/"/>
    <property name="java.io.tmpdir" value="C:\Users\chr\AppData\Local\Temp\"/>
    <property name="java.version" value="1.8.0_172"/>
    <property name="user.dir" value="H:\Normade\myProject\JavaSeleniumProjects\eclipsewrkspace2020-06Java\ci-selenium-maven-jenkins"/>
    <property name="os.arch" value="amd64"/>
    <property name="java.vm.specification.name" value="Java Virtual Machine Specification"/>
    <property name="java.awt.printerjob" value="sun.awt.windows.WPrinterJob"/>
    <property name="sun.os.patch.level" value="Service Pack 1"/>
    <property name="java.library.path" value="C:\Program Files\Java\jdk1.8.0_172\jre\bin;C:\Windows\Sun\Java\bin;C:\Windows\system32;C:\Windows;C:/Program Files/Java/jre1.8.0_281/bin/server;C:/Program Files/Java/jre1.8.0_281/bin;C:/Program Files/Java/jre1.8.0_281/lib/amd64;D:\myProject\RubyBinInstallation\ruby265\bin;D:\myProject\cygwin64\bin;D:\myProject\RubyBinInstallation\rubyinstaller-2.6.4-1-x64\bin;D:\myProject\RubyandDevKitInstallation;D:\myProject\CmderInstallation\cmder\bin;D:\myProject\CmderInstallation\cmder\bin;D:\myProject\CmderInstallation\cmder\vendor\conemu-maximus5\ConEmu\Scripts;D:\myProject\CmderInstallation\cmder\vendor\conemu-maximus5;D:\myProject\CmderInstallation\cmder\vendor\conemu-maximus5\ConEmu;D:\myProject\RubyandDevKitInstallation\Ruby25-x64\bin;C:\Program Files (x86)\Common Files\Oracle\Java\javapath;.;C:\Program Files\Java\jdk1.8.0_172\bin;C:\Program Files\Java\jre1.8.0_172\bin;D:\myProject\apache-ant-1.10.1\bin;D:\myProject\testng\testng-6.14.3.jar;C:\ProgramData\Oracle\Java\javapath;C:\Windows\system32;C:\Windows;C:\Windows\System32\Wbem;C:\Windows\System32\WindowsPowerShell\v1.0\;C:\Program Files\WIDCOMM\Bluetooth Software\;C:\Program Files\WIDCOMM\Bluetooth Software\syswow64;D:\myProject;D:\myProject\drivers\geckodriver24;D:\myProject\wget;C:\Program Files (x86)\Microsoft SQL Server\150\DTS\Binn\;C:\Program Files\Microsoft SQL Server\Client SDK\ODBC\110\Tools\Binn\;C:\Program Files (x86)\Microsoft SQL Server\120\Tools\Binn\;C:\Program Files\Microsoft SQL Server\120\Tools\Binn\;C:\Program Files\Microsoft SQL Server\120\DTS\Binn\;D:\myProject\sqliteInstall;D:\myProject\nvm-noinstall;C:\Program Files\nodejs;D:\myProject\PostgreSQL\10\bin;D:\myProject\mongodbInstall\bin;D:\myProject\xampp\mysql\bin;D:\myProject\vscodeInstallation37\bin;D:\myProject\GnuWin\bin;D:\myProject\heroku\bin;C:\Program Files (x86)\Yarn\bin\;C:\ProgramData\chocolatey\bin;D:\myProject\xampp\php744;D:\myProject\composer;C:\Program Files\dotnet\;C:\Program Files\Microsoft SQL Server\130\Tools\Binn\;C:\Program Files\Microsoft SQL Server\Client SDK\ODBC\170\Tools\Binn\;C:\Program Files (x86)\dotnet\;D:\myProject\axis\axis2-1.7.9\bin;D:\myProject\apache-maven-3.6.3\bin;C:\Users\chr\AppData\Local\Programs\Python\Python38\Scripts\;C:\Users\chr\AppData\Local\Programs\Python\Python38\;C:\users\chr\appdata\local\programs\python\python38\lib\site-packages;D:\myProject\CmderInstallation\cmder\vendor\bin;D:\myProject\testng\testn;C:\Users\chr\.dotnet\tools;D:\myProject\eclipse-jee-2020-06;;."/>
    <property name="java.vm.info" value="mixed mode"/>
    <property name="java.vendor" value="Oracle Corporation"/>
    <property name="java.vm.version" value="25.172-b11"/>
    <property name="java.ext.dirs" value="C:\Program Files\Java\jdk1.8.0_172\jre\lib\ext;C:\Windows\Sun\Java\lib\ext"/>
    <property name="sun.io.unicode.encoding" value="UnicodeLittle"/>
    <property name="java.class.version" value="52.0"/>
  </properties>
  <testcase name="shouldAnswerWithTrue on shouldAnswerWithTrue(com.criscar.ci_selenium_maven_jenkins.AppTest)" classname="com.criscar.ci_selenium_maven_jenkins.AppTest" time="0.003"/>
</testsuite>