<?xml version="1.0" encoding="UTF-8"?>
<!-- Generated by org.testng.reporters.JUnitReportReporter -->
<testsuite skipped="0" hostname="criscar-asus" name="com.criscar.ci_selenium_maven_jenkins.AppTest" tests="1" failures="0" timestamp="2021-03-20T18:33:55 CET" time="0.045" errors="0">
  <testcase name="shouldAnswerWithTrue" time="0.045" classname="com.criscar.ci_selenium_maven_jenkins.AppTest"/>
  <system-out/>
</testsuite> <!-- com.criscar.ci_selenium_maven_jenkins.AppTest -->
